<?xml version="1.0" encoding="UTF-8"?>
<!-- Generated by org.testng.reporters.JUnitXMLReporter -->
<testsuite ignored="0" hostname="Divya" failures="0" tests="3" name="BrowserStack Test - Firefox1" time="89.533" errors="0" timestamp="2024-12-25T23:02:26 IST">
  <testcase classname="BrowserStack.Demo.demoTest" name="navigatetoBaseUrl" time="6.901"/>
  <testcase classname="BrowserStack.Demo.demoTest" name="navigatetoOpinionSection" time="7.589"/>
  <testcase classname="BrowserStack.Demo.demoTest" name="scrapeArticle" time="65.851"/>
</testsuite> <!-- BrowserStack Test - Firefox1 -->
