<?xml version="1.0" encoding="UTF-8"?>
<!-- Generated by org.testng.reporters.JUnitXMLReporter -->
<testsuite ignored="0" hostname="Divya" failures="0" tests="3" name="BrowserStack Test - firefox" time="130.522" errors="0" timestamp="2024-12-25T22:44:50 IST">
  <testcase classname="BrowserStack.Demo.demoTest" name="navigatetoBaseUrl" time="8.183"/>
  <testcase classname="BrowserStack.Demo.demoTest" name="navigatetoOpinionSection" time="1.817"/>
  <testcase classname="BrowserStack.Demo.demoTest" name="scrapeArticle" time="112.195"/>
</testsuite> <!-- BrowserStack Test - firefox -->
