<?xml version="1.0" encoding="UTF-8"?>
<!-- Generated by org.testng.reporters.JUnitXMLReporter -->
<testsuite ignored="0" hostname="Divya" failures="0" tests="3" name="BrowserStack Test - Chrome1" time="114.283" errors="0" timestamp="2024-12-25T23:10:33 IST">
  <testcase classname="BrowserStack.Demo.demoTest" name="navigatetoBaseUrl" time="9.765"/>
  <testcase classname="BrowserStack.Demo.demoTest" name="navigatetoOpinionSection" time="10.17"/>
  <testcase classname="BrowserStack.Demo.demoTest" name="scrapeArticle" time="79.649"/>
</testsuite> <!-- BrowserStack Test - Chrome1 -->
