<?xml version="1.0" encoding="UTF-8"?>
<!-- Generated by org.testng.reporters.JUnitXMLReporter -->
<testsuite ignored="0" hostname="Divya" failures="2" tests="3" name="BrowserStack Test - Chrome" time="111.015" errors="0" timestamp="2024-12-25T22:44:35 IST">
  <testcase classname="BrowserStack.Demo.demoTest" name="navigatetoBaseUrl" time="6.245">
    <failure type="org.openqa.selenium.StaleElementReferenceException" message="The element reference of &amp;lt;button id=&amp;quot;didomi-notice-agree-button&amp;quot; class=&amp;quot;didomi-components-button didomi-button didomi-dismiss-button didomi-components-button--color didomi-button-highlight highlight-button&amp;quot;&amp;gt; is stale; either the element is no longer attached to the DOM, it is not in the current frame context, or the document has been refreshed
For documentation on this error, please visit: https://www.selenium.dev/documentation/webdriver/troubleshooting/errors#stale-element-reference-exception
Build info: version: &amp;apos;4.27.0&amp;apos;, revision: &amp;apos;d6e718d134&amp;apos;
System info: os.name: &amp;apos;Windows 11&amp;apos;, os.arch: &amp;apos;amd64&amp;apos;, os.version: &amp;apos;10.0&amp;apos;, java.version: &amp;apos;17.0.10&amp;apos;
Driver info: org.openqa.selenium.remote.RemoteWebDriver
Command: [b3744788c1a3d5f2404ca8a19f6093fe08f90474, clickElement {id=01e92709-e45f-4635-a09f-835e1100a33c}]
Capabilities {acceptInsecureCerts: false, browserName: firefox, browserVersion: 80.0, moz:accessibilityChecks: false, moz:buildID: 20200818235255, moz:geckodriverVersion: 0.29.1, moz:headless: false, moz:processID: 7056, moz:profile: C:\Windows\proxy\rust_mozpr..., moz:shutdownTimeout: 60000, moz:useNonSpecCompliantPointerOrigin: false, moz:webdriverClick: true, pageLoadStrategy: normal, platformName: windows, platformVersion: 6.2, rotatable: false, setWindowRect: true, strictFileInteractability: false, timeouts: {implicit: 0, pageLoad: 300000, script: 30000}, unhandledPromptBehavior: dismiss and notify, webdriver.remote.sessionid: b3744788c1a3d5f2404ca8a19f6...}
Element: [[RemoteWebDriver: firefox on windows (b3744788c1a3d5f2404ca8a19f6093fe08f90474)] -&amp;gt; xpath: //button[contains(@id,&amp;apos;agree-button&amp;apos;)]]
Session ID: b3744788c1a3d5f2404ca8a19f6093fe08f90474">
      <![CDATA[org.openqa.selenium.StaleElementReferenceException: The element reference of <button id="didomi-notice-agree-button" class="didomi-components-button didomi-button didomi-dismiss-button didomi-components-button--color didomi-button-highlight highlight-button"> is stale; either the element is no longer attached to the DOM, it is not in the current frame context, or the document has been refreshed
For documentation on this error, please visit: https://www.selenium.dev/documentation/webdriver/troubleshooting/errors#stale-element-reference-exception
Build info: version: '4.27.0', revision: 'd6e718d134'
System info: os.name: 'Windows 11', os.arch: 'amd64', os.version: '10.0', java.version: '17.0.10'
Driver info: org.openqa.selenium.remote.RemoteWebDriver
Command: [b3744788c1a3d5f2404ca8a19f6093fe08f90474, clickElement {id=01e92709-e45f-4635-a09f-835e1100a33c}]
Capabilities {acceptInsecureCerts: false, browserName: firefox, browserVersion: 80.0, moz:accessibilityChecks: false, moz:buildID: 20200818235255, moz:geckodriverVersion: 0.29.1, moz:headless: false, moz:processID: 7056, moz:profile: C:\Windows\proxy\rust_mozpr..., moz:shutdownTimeout: 60000, moz:useNonSpecCompliantPointerOrigin: false, moz:webdriverClick: true, pageLoadStrategy: normal, platformName: windows, platformVersion: 6.2, rotatable: false, setWindowRect: true, strictFileInteractability: false, timeouts: {implicit: 0, pageLoad: 300000, script: 30000}, unhandledPromptBehavior: dismiss and notify, webdriver.remote.sessionid: b3744788c1a3d5f2404ca8a19f6...}
Element: [[RemoteWebDriver: firefox on windows (b3744788c1a3d5f2404ca8a19f6093fe08f90474)] -> xpath: //button[contains(@id,'agree-button')]]
Session ID: b3744788c1a3d5f2404ca8a19f6093fe08f90474
at org.openqa.selenium.remote.ErrorCodec.decode(ErrorCodec.java:167)
at org.openqa.selenium.remote.codec.w3c.W3CHttpResponseCodec.decode(W3CHttpResponseCodec.java:138)
at org.openqa.selenium.remote.codec.w3c.W3CHttpResponseCodec.decode(W3CHttpResponseCodec.java:50)
at org.openqa.selenium.remote.HttpCommandExecutor.execute(HttpCommandExecutor.java:190)
at org.openqa.selenium.remote.TracedCommandExecutor.execute(TracedCommandExecutor.java:53)
at org.openqa.selenium.remote.RemoteWebDriver.execute(RemoteWebDriver.java:545)
at org.openqa.selenium.remote.RemoteWebElement.execute(RemoteWebElement.java:223)
at org.openqa.selenium.remote.RemoteWebElement.click(RemoteWebElement.java:76)
at Utility.BasicMethods.clickElement(BasicMethods.java:43)
at BrowserStack.Demo.demoTest.navigatetoBaseUrl(demoTest.java:36)
at java.base/java.util.ArrayList.forEach(ArrayList.java:1511)
at java.base/java.util.concurrent.FutureTask.run(FutureTask.java:264)
at java.base/java.util.concurrent.ThreadPoolExecutor.runWorker(ThreadPoolExecutor.java:1136)
at java.base/java.util.concurrent.ThreadPoolExecutor$Worker.run(ThreadPoolExecutor.java:635)
at java.base/java.lang.Thread.run(Thread.java:840)
... Removed 22 stack frames]]>
    </failure>
  </testcase> <!-- navigatetoBaseUrl -->
  <testcase classname="BrowserStack.Demo.demoTest" name="navigatetoOpinionSection" time="1.896">
    <failure type="org.openqa.selenium.StaleElementReferenceException" message="The element reference of &amp;lt;a class=&amp;quot;&amp;quot; href=&amp;quot;https://elpais.com/opinion/&amp;quot;&amp;gt; is stale; either the element is no longer attached to the DOM, it is not in the current frame context, or the document has been refreshed
For documentation on this error, please visit: https://www.selenium.dev/documentation/webdriver/troubleshooting/errors#stale-element-reference-exception
Build info: version: &amp;apos;4.27.0&amp;apos;, revision: &amp;apos;d6e718d134&amp;apos;
System info: os.name: &amp;apos;Windows 11&amp;apos;, os.arch: &amp;apos;amd64&amp;apos;, os.version: &amp;apos;10.0&amp;apos;, java.version: &amp;apos;17.0.10&amp;apos;
Driver info: org.openqa.selenium.remote.RemoteWebDriver
Command: [b3744788c1a3d5f2404ca8a19f6093fe08f90474, clickElement {id=cd22c095-1822-4a3f-8df3-a0ee059f65a4}]
Capabilities {acceptInsecureCerts: false, browserName: firefox, browserVersion: 80.0, moz:accessibilityChecks: false, moz:buildID: 20200818235255, moz:geckodriverVersion: 0.29.1, moz:headless: false, moz:processID: 7056, moz:profile: C:\Windows\proxy\rust_mozpr..., moz:shutdownTimeout: 60000, moz:useNonSpecCompliantPointerOrigin: false, moz:webdriverClick: true, pageLoadStrategy: normal, platformName: windows, platformVersion: 6.2, rotatable: false, setWindowRect: true, strictFileInteractability: false, timeouts: {implicit: 0, pageLoad: 300000, script: 30000}, unhandledPromptBehavior: dismiss and notify, webdriver.remote.sessionid: b3744788c1a3d5f2404ca8a19f6...}
Element: [[RemoteWebDriver: firefox on windows (b3744788c1a3d5f2404ca8a19f6093fe08f90474)] -&amp;gt; xpath: //div[@data-dtm-region=&amp;apos;portada_menu&amp;apos;]//a[@href=&amp;apos;https://elpais.com/opinion/&amp;apos;]]
Session ID: b3744788c1a3d5f2404ca8a19f6093fe08f90474">
      <![CDATA[org.openqa.selenium.StaleElementReferenceException: The element reference of <a class="" href="https://elpais.com/opinion/"> is stale; either the element is no longer attached to the DOM, it is not in the current frame context, or the document has been refreshed
For documentation on this error, please visit: https://www.selenium.dev/documentation/webdriver/troubleshooting/errors#stale-element-reference-exception
Build info: version: '4.27.0', revision: 'd6e718d134'
System info: os.name: 'Windows 11', os.arch: 'amd64', os.version: '10.0', java.version: '17.0.10'
Driver info: org.openqa.selenium.remote.RemoteWebDriver
Command: [b3744788c1a3d5f2404ca8a19f6093fe08f90474, clickElement {id=cd22c095-1822-4a3f-8df3-a0ee059f65a4}]
Capabilities {acceptInsecureCerts: false, browserName: firefox, browserVersion: 80.0, moz:accessibilityChecks: false, moz:buildID: 20200818235255, moz:geckodriverVersion: 0.29.1, moz:headless: false, moz:processID: 7056, moz:profile: C:\Windows\proxy\rust_mozpr..., moz:shutdownTimeout: 60000, moz:useNonSpecCompliantPointerOrigin: false, moz:webdriverClick: true, pageLoadStrategy: normal, platformName: windows, platformVersion: 6.2, rotatable: false, setWindowRect: true, strictFileInteractability: false, timeouts: {implicit: 0, pageLoad: 300000, script: 30000}, unhandledPromptBehavior: dismiss and notify, webdriver.remote.sessionid: b3744788c1a3d5f2404ca8a19f6...}
Element: [[RemoteWebDriver: firefox on windows (b3744788c1a3d5f2404ca8a19f6093fe08f90474)] -> xpath: //div[@data-dtm-region='portada_menu']//a[@href='https://elpais.com/opinion/']]
Session ID: b3744788c1a3d5f2404ca8a19f6093fe08f90474
at org.openqa.selenium.remote.ErrorCodec.decode(ErrorCodec.java:167)
at org.openqa.selenium.remote.codec.w3c.W3CHttpResponseCodec.decode(W3CHttpResponseCodec.java:138)
at org.openqa.selenium.remote.codec.w3c.W3CHttpResponseCodec.decode(W3CHttpResponseCodec.java:50)
at org.openqa.selenium.remote.HttpCommandExecutor.execute(HttpCommandExecutor.java:190)
at org.openqa.selenium.remote.TracedCommandExecutor.execute(TracedCommandExecutor.java:53)
at org.openqa.selenium.remote.RemoteWebDriver.execute(RemoteWebDriver.java:545)
at org.openqa.selenium.remote.RemoteWebElement.execute(RemoteWebElement.java:223)
at org.openqa.selenium.remote.RemoteWebElement.click(RemoteWebElement.java:76)
at Utility.BasicMethods.clickElement(BasicMethods.java:43)
at BrowserStack.Demo.demoTest.navigatetoOpinionSection(demoTest.java:41)
at java.base/java.util.ArrayList.forEach(ArrayList.java:1511)
at java.base/java.util.concurrent.FutureTask.run(FutureTask.java:264)
at java.base/java.util.concurrent.ThreadPoolExecutor.runWorker(ThreadPoolExecutor.java:1136)
at java.base/java.util.concurrent.ThreadPoolExecutor$Worker.run(ThreadPoolExecutor.java:635)
at java.base/java.lang.Thread.run(Thread.java:840)
... Removed 22 stack frames]]>
    </failure>
  </testcase> <!-- navigatetoOpinionSection -->
  <testcase classname="BrowserStack.Demo.demoTest" name="scrapeArticle" time="92.453"/>
</testsuite> <!-- BrowserStack Test - Chrome -->
