<?xml version="1.0" encoding="UTF-8"?>
<!-- Generated by org.testng.reporters.JUnitXMLReporter -->
<testsuite ignored="0" hostname="Divya" failures="3" tests="3" name="BrowserStack Test - firefox2" time="32.52" errors="0" timestamp="2024-12-25T23:01:32 IST">
  <testcase classname="BrowserStack.Demo.demoTest" name="navigatetoBaseUrl" time="5.943">
    <failure type="org.openqa.selenium.ElementNotInteractableException" message="Element &amp;lt;button id=&amp;quot;didomi-notice-agree-button&amp;quot; class=&amp;quot;didomi-components-button didomi-button didomi-dismiss-button didomi-components-button--color didomi-button-highlight highlight-button&amp;quot;&amp;gt; could not be scrolled into view
Build info: version: &amp;apos;4.27.0&amp;apos;, revision: &amp;apos;d6e718d134&amp;apos;
System info: os.name: &amp;apos;Windows 11&amp;apos;, os.arch: &amp;apos;amd64&amp;apos;, os.version: &amp;apos;10.0&amp;apos;, java.version: &amp;apos;17.0.10&amp;apos;
Driver info: org.openqa.selenium.remote.RemoteWebDriver
Command: [dbdfdbb4372b35d76e922f882b60f9c567cd5e1c, clickElement {id=84c18982-f439-4d2f-bdc1-2e4c7822f24f}]
Capabilities {acceptInsecureCerts: false, browserName: firefox, browserVersion: 70.0, moz:accessibilityChecks: false, moz:buildID: 20191016161957, moz:geckodriverVersion: 0.29.1, moz:headless: false, moz:processID: 16684, moz:profile: C:\Windows\proxy\rust_mozpr..., moz:shutdownTimeout: 60000, moz:useNonSpecCompliantPointerOrigin: false, moz:webdriverClick: true, pageLoadStrategy: normal, platformName: windows, platformVersion: 10.0, rotatable: false, setWindowRect: true, strictFileInteractability: false, timeouts: {implicit: 0, pageLoad: 300000, script: 30000}, unhandledPromptBehavior: dismiss and notify, webdriver.remote.sessionid: dbdfdbb4372b35d76e922f882b6...}
Element: [[RemoteWebDriver: firefox on windows (dbdfdbb4372b35d76e922f882b60f9c567cd5e1c)] -&amp;gt; xpath: //button[contains(@id,&amp;apos;agree-button&amp;apos;)]]
Session ID: dbdfdbb4372b35d76e922f882b60f9c567cd5e1c">
      <![CDATA[org.openqa.selenium.ElementNotInteractableException: Element <button id="didomi-notice-agree-button" class="didomi-components-button didomi-button didomi-dismiss-button didomi-components-button--color didomi-button-highlight highlight-button"> could not be scrolled into view
Build info: version: '4.27.0', revision: 'd6e718d134'
System info: os.name: 'Windows 11', os.arch: 'amd64', os.version: '10.0', java.version: '17.0.10'
Driver info: org.openqa.selenium.remote.RemoteWebDriver
Command: [dbdfdbb4372b35d76e922f882b60f9c567cd5e1c, clickElement {id=84c18982-f439-4d2f-bdc1-2e4c7822f24f}]
Capabilities {acceptInsecureCerts: false, browserName: firefox, browserVersion: 70.0, moz:accessibilityChecks: false, moz:buildID: 20191016161957, moz:geckodriverVersion: 0.29.1, moz:headless: false, moz:processID: 16684, moz:profile: C:\Windows\proxy\rust_mozpr..., moz:shutdownTimeout: 60000, moz:useNonSpecCompliantPointerOrigin: false, moz:webdriverClick: true, pageLoadStrategy: normal, platformName: windows, platformVersion: 10.0, rotatable: false, setWindowRect: true, strictFileInteractability: false, timeouts: {implicit: 0, pageLoad: 300000, script: 30000}, unhandledPromptBehavior: dismiss and notify, webdriver.remote.sessionid: dbdfdbb4372b35d76e922f882b6...}
Element: [[RemoteWebDriver: firefox on windows (dbdfdbb4372b35d76e922f882b60f9c567cd5e1c)] -> xpath: //button[contains(@id,'agree-button')]]
Session ID: dbdfdbb4372b35d76e922f882b60f9c567cd5e1c
at org.openqa.selenium.remote.ErrorCodec.decode(ErrorCodec.java:167)
at org.openqa.selenium.remote.codec.w3c.W3CHttpResponseCodec.decode(W3CHttpResponseCodec.java:138)
at org.openqa.selenium.remote.codec.w3c.W3CHttpResponseCodec.decode(W3CHttpResponseCodec.java:50)
at org.openqa.selenium.remote.HttpCommandExecutor.execute(HttpCommandExecutor.java:190)
at org.openqa.selenium.remote.TracedCommandExecutor.execute(TracedCommandExecutor.java:53)
at org.openqa.selenium.remote.RemoteWebDriver.execute(RemoteWebDriver.java:545)
at org.openqa.selenium.remote.RemoteWebElement.execute(RemoteWebElement.java:223)
at org.openqa.selenium.remote.RemoteWebElement.click(RemoteWebElement.java:76)
at Utility.BasicMethods.clickElement(BasicMethods.java:43)
at BrowserStack.Demo.demoTest.navigatetoBaseUrl(demoTest.java:36)
at java.base/java.util.ArrayList.forEach(ArrayList.java:1511)
at java.base/java.util.concurrent.FutureTask.run(FutureTask.java:264)
at java.base/java.util.concurrent.ThreadPoolExecutor.runWorker(ThreadPoolExecutor.java:1136)
at java.base/java.util.concurrent.ThreadPoolExecutor$Worker.run(ThreadPoolExecutor.java:635)
at java.base/java.lang.Thread.run(Thread.java:840)
... Removed 22 stack frames]]>
    </failure>
  </testcase> <!-- navigatetoBaseUrl -->
  <testcase classname="BrowserStack.Demo.demoTest" name="navigatetoOpinionSection" time="0.198">
    <failure type="org.openqa.selenium.ElementClickInterceptedException" message="Element &amp;lt;a class=&amp;quot;&amp;quot; href=&amp;quot;https://elpais.com/opinion/&amp;quot;&amp;gt; is not clickable at point (509,443) because another element &amp;lt;div class=&amp;quot;blockNavigation&amp;quot;&amp;gt; obscures it
Build info: version: &amp;apos;4.27.0&amp;apos;, revision: &amp;apos;d6e718d134&amp;apos;
System info: os.name: &amp;apos;Windows 11&amp;apos;, os.arch: &amp;apos;amd64&amp;apos;, os.version: &amp;apos;10.0&amp;apos;, java.version: &amp;apos;17.0.10&amp;apos;
Driver info: org.openqa.selenium.remote.RemoteWebDriver
Command: [dbdfdbb4372b35d76e922f882b60f9c567cd5e1c, clickElement {id=501fa648-1833-4283-8590-b6c701cf31fd}]
Capabilities {acceptInsecureCerts: false, browserName: firefox, browserVersion: 70.0, moz:accessibilityChecks: false, moz:buildID: 20191016161957, moz:geckodriverVersion: 0.29.1, moz:headless: false, moz:processID: 16684, moz:profile: C:\Windows\proxy\rust_mozpr..., moz:shutdownTimeout: 60000, moz:useNonSpecCompliantPointerOrigin: false, moz:webdriverClick: true, pageLoadStrategy: normal, platformName: windows, platformVersion: 10.0, rotatable: false, setWindowRect: true, strictFileInteractability: false, timeouts: {implicit: 0, pageLoad: 300000, script: 30000}, unhandledPromptBehavior: dismiss and notify, webdriver.remote.sessionid: dbdfdbb4372b35d76e922f882b6...}
Element: [[RemoteWebDriver: firefox on windows (dbdfdbb4372b35d76e922f882b60f9c567cd5e1c)] -&amp;gt; xpath: //div[@data-dtm-region=&amp;apos;portada_menu&amp;apos;]//a[@href=&amp;apos;https://elpais.com/opinion/&amp;apos;]]
Session ID: dbdfdbb4372b35d76e922f882b60f9c567cd5e1c">
      <![CDATA[org.openqa.selenium.ElementClickInterceptedException: Element <a class="" href="https://elpais.com/opinion/"> is not clickable at point (509,443) because another element <div class="blockNavigation"> obscures it
Build info: version: '4.27.0', revision: 'd6e718d134'
System info: os.name: 'Windows 11', os.arch: 'amd64', os.version: '10.0', java.version: '17.0.10'
Driver info: org.openqa.selenium.remote.RemoteWebDriver
Command: [dbdfdbb4372b35d76e922f882b60f9c567cd5e1c, clickElement {id=501fa648-1833-4283-8590-b6c701cf31fd}]
Capabilities {acceptInsecureCerts: false, browserName: firefox, browserVersion: 70.0, moz:accessibilityChecks: false, moz:buildID: 20191016161957, moz:geckodriverVersion: 0.29.1, moz:headless: false, moz:processID: 16684, moz:profile: C:\Windows\proxy\rust_mozpr..., moz:shutdownTimeout: 60000, moz:useNonSpecCompliantPointerOrigin: false, moz:webdriverClick: true, pageLoadStrategy: normal, platformName: windows, platformVersion: 10.0, rotatable: false, setWindowRect: true, strictFileInteractability: false, timeouts: {implicit: 0, pageLoad: 300000, script: 30000}, unhandledPromptBehavior: dismiss and notify, webdriver.remote.sessionid: dbdfdbb4372b35d76e922f882b6...}
Element: [[RemoteWebDriver: firefox on windows (dbdfdbb4372b35d76e922f882b60f9c567cd5e1c)] -> xpath: //div[@data-dtm-region='portada_menu']//a[@href='https://elpais.com/opinion/']]
Session ID: dbdfdbb4372b35d76e922f882b60f9c567cd5e1c
at org.openqa.selenium.remote.ErrorCodec.decode(ErrorCodec.java:167)
at org.openqa.selenium.remote.codec.w3c.W3CHttpResponseCodec.decode(W3CHttpResponseCodec.java:138)
at org.openqa.selenium.remote.codec.w3c.W3CHttpResponseCodec.decode(W3CHttpResponseCodec.java:50)
at org.openqa.selenium.remote.HttpCommandExecutor.execute(HttpCommandExecutor.java:190)
at org.openqa.selenium.remote.TracedCommandExecutor.execute(TracedCommandExecutor.java:53)
at org.openqa.selenium.remote.RemoteWebDriver.execute(RemoteWebDriver.java:545)
at org.openqa.selenium.remote.RemoteWebElement.execute(RemoteWebElement.java:223)
at org.openqa.selenium.remote.RemoteWebElement.click(RemoteWebElement.java:76)
at Utility.BasicMethods.clickElement(BasicMethods.java:43)
at BrowserStack.Demo.demoTest.navigatetoOpinionSection(demoTest.java:41)
at java.base/java.util.ArrayList.forEach(ArrayList.java:1511)
at java.base/java.util.concurrent.FutureTask.run(FutureTask.java:264)
at java.base/java.util.concurrent.ThreadPoolExecutor.runWorker(ThreadPoolExecutor.java:1136)
at java.base/java.util.concurrent.ThreadPoolExecutor$Worker.run(ThreadPoolExecutor.java:635)
at java.base/java.lang.Thread.run(Thread.java:840)
... Removed 22 stack frames]]>
    </failure>
  </testcase> <!-- navigatetoOpinionSection -->
  <testcase classname="BrowserStack.Demo.demoTest" name="scrapeArticle" time="5.671">
    <failure type="org.openqa.selenium.StaleElementReferenceException" message="The element reference of &amp;lt;a href=&amp;quot;https://elpais.com/espana/2024-12-25/el-psoe-y-el-pp-celebran-la-defensa-del-consenso-y-la-serenidad-hecha-por-felipe-vi-y-evitan-darse-por-aludidos.html&amp;quot;&amp;gt; is stale; either the element is no longer attached to the DOM, it is not in the current frame context, or the document has been refreshed
For documentation on this error, please visit: https://www.selenium.dev/documentation/webdriver/troubleshooting/errors#stale-element-reference-exception
Build info: version: &amp;apos;4.27.0&amp;apos;, revision: &amp;apos;d6e718d134&amp;apos;
System info: os.name: &amp;apos;Windows 11&amp;apos;, os.arch: &amp;apos;amd64&amp;apos;, os.version: &amp;apos;10.0&amp;apos;, java.version: &amp;apos;17.0.10&amp;apos;
Driver info: org.openqa.selenium.remote.RemoteWebDriver
Command: [dbdfdbb4372b35d76e922f882b60f9c567cd5e1c, getElementDomAttribute {id=6b2af78b-b8cb-45e4-a75b-cb2d511033fd, name=href}]
Capabilities {acceptInsecureCerts: false, browserName: firefox, browserVersion: 70.0, moz:accessibilityChecks: false, moz:buildID: 20191016161957, moz:geckodriverVersion: 0.29.1, moz:headless: false, moz:processID: 16684, moz:profile: C:\Windows\proxy\rust_mozpr..., moz:shutdownTimeout: 60000, moz:useNonSpecCompliantPointerOrigin: false, moz:webdriverClick: true, pageLoadStrategy: normal, platformName: windows, platformVersion: 10.0, rotatable: false, setWindowRect: true, strictFileInteractability: false, timeouts: {implicit: 0, pageLoad: 300000, script: 30000}, unhandledPromptBehavior: dismiss and notify, webdriver.remote.sessionid: dbdfdbb4372b35d76e922f882b6...}
Element: [[RemoteWebDriver: firefox on windows (dbdfdbb4372b35d76e922f882b60f9c567cd5e1c)] -&amp;gt; xpath: //h2//a]
Session ID: dbdfdbb4372b35d76e922f882b60f9c567cd5e1c">
      <![CDATA[org.openqa.selenium.StaleElementReferenceException: The element reference of <a href="https://elpais.com/espana/2024-12-25/el-psoe-y-el-pp-celebran-la-defensa-del-consenso-y-la-serenidad-hecha-por-felipe-vi-y-evitan-darse-por-aludidos.html"> is stale; either the element is no longer attached to the DOM, it is not in the current frame context, or the document has been refreshed
For documentation on this error, please visit: https://www.selenium.dev/documentation/webdriver/troubleshooting/errors#stale-element-reference-exception
Build info: version: '4.27.0', revision: 'd6e718d134'
System info: os.name: 'Windows 11', os.arch: 'amd64', os.version: '10.0', java.version: '17.0.10'
Driver info: org.openqa.selenium.remote.RemoteWebDriver
Command: [dbdfdbb4372b35d76e922f882b60f9c567cd5e1c, getElementDomAttribute {id=6b2af78b-b8cb-45e4-a75b-cb2d511033fd, name=href}]
Capabilities {acceptInsecureCerts: false, browserName: firefox, browserVersion: 70.0, moz:accessibilityChecks: false, moz:buildID: 20191016161957, moz:geckodriverVersion: 0.29.1, moz:headless: false, moz:processID: 16684, moz:profile: C:\Windows\proxy\rust_mozpr..., moz:shutdownTimeout: 60000, moz:useNonSpecCompliantPointerOrigin: false, moz:webdriverClick: true, pageLoadStrategy: normal, platformName: windows, platformVersion: 10.0, rotatable: false, setWindowRect: true, strictFileInteractability: false, timeouts: {implicit: 0, pageLoad: 300000, script: 30000}, unhandledPromptBehavior: dismiss and notify, webdriver.remote.sessionid: dbdfdbb4372b35d76e922f882b6...}
Element: [[RemoteWebDriver: firefox on windows (dbdfdbb4372b35d76e922f882b60f9c567cd5e1c)] -> xpath: //h2//a]
Session ID: dbdfdbb4372b35d76e922f882b60f9c567cd5e1c
at org.openqa.selenium.remote.ErrorCodec.decode(ErrorCodec.java:167)
at org.openqa.selenium.remote.codec.w3c.W3CHttpResponseCodec.decode(W3CHttpResponseCodec.java:138)
at org.openqa.selenium.remote.codec.w3c.W3CHttpResponseCodec.decode(W3CHttpResponseCodec.java:50)
at org.openqa.selenium.remote.HttpCommandExecutor.execute(HttpCommandExecutor.java:190)
at org.openqa.selenium.remote.TracedCommandExecutor.execute(TracedCommandExecutor.java:53)
at org.openqa.selenium.remote.RemoteWebDriver.execute(RemoteWebDriver.java:545)
at org.openqa.selenium.remote.RemoteWebElement.execute(RemoteWebElement.java:223)
at org.openqa.selenium.remote.RemoteWebElement.getDomAttribute(RemoteWebElement.java:144)
at Utility.BasicMethods.getElementAttribute(BasicMethods.java:59)
at Utility.BasicMethods.getFirstFiveArticle(BasicMethods.java:67)
at BrowserStack.Demo.demoTest.scrapeArticle(demoTest.java:46)
at java.base/java.util.ArrayList.forEach(ArrayList.java:1511)
at java.base/java.util.concurrent.FutureTask.run(FutureTask.java:264)
at java.base/java.util.concurrent.ThreadPoolExecutor.runWorker(ThreadPoolExecutor.java:1136)
at java.base/java.util.concurrent.ThreadPoolExecutor$Worker.run(ThreadPoolExecutor.java:635)
at java.base/java.lang.Thread.run(Thread.java:840)
... Removed 22 stack frames]]>
    </failure>
  </testcase> <!-- scrapeArticle -->
</testsuite> <!-- BrowserStack Test - firefox2 -->
