<?xml version="1.0" encoding="UTF-8"?>
<testng-results ignored="0" total="1" passed="1" failed="0" skipped="0">
  <reporter-output>
  </reporter-output>
  <suite started-at="2024-12-25T11:59:14 IST" name="Surefire suite" finished-at="2024-12-25T11:59:14 IST" duration-ms="56">
    <groups>
    </groups>
    <test started-at="2024-12-25T11:59:14 IST" name="Surefire test" finished-at="2024-12-25T11:59:14 IST" duration-ms="56">
      <class name="BrowserStack.Demo.demoTest">
        <test-method signature="runtest()[pri:0, instance:BrowserStack.Demo.demoTest@59af0466]" started-at="2024-12-25T11:59:14 IST" name="runtest" finished-at="2024-12-25T11:59:14 IST" duration-ms="5" status="PASS">
          <reporter-output>
          </reporter-output>
        </test-method> <!-- runtest -->
      </class> <!-- BrowserStack.Demo.demoTest -->
    </test> <!-- Surefire test -->
  </suite> <!-- Surefire suite -->
</testng-results>
